2024-10-12 00:00:08 DEBUG c.z.h.p.HikariPool - HikariPool-1 - Pool stats (total=10, active=0, idle=10, waiting=0)
2024-10-12 00:00:08 DEBUG c.z.h.p.HikariPool - HikariPool-1 - Fill pool skipped, pool has sufficient level or currently being filled.
2024-10-12 00:00:38 DEBUG c.z.h.p.HikariPool - HikariPool-1 - Pool stats (total=10, active=0, idle=10, waiting=0)
2024-10-12 00:00:38 DEBUG c.z.h.p.HikariPool - HikariPool-1 - Fill pool skipped, pool has sufficient level or currently being filled.
2024-10-12 00:01:08 DEBUG c.z.h.p.HikariPool - HikariPool-1 - Pool stats (total=10, active=0, idle=10, waiting=0)
2024-10-12 00:01:08 DEBUG c.z.h.p.HikariPool - HikariPool-1 - Fill pool skipped, pool has sufficient level or currently being filled.
2024-10-12 00:01:38 DEBUG c.z.h.p.HikariPool - HikariPool-1 - Pool stats (total=10, active=0, idle=10, waiting=0)
2024-10-12 00:01:38 DEBUG c.z.h.p.HikariPool - HikariPool-1 - Fill pool skipped, pool has sufficient level or currently being filled.
2024-10-12 00:02:08 DEBUG c.z.h.p.HikariPool - HikariPool-1 - Pool stats (total=10, active=0, idle=10, waiting=0)
2024-10-12 00:02:08 DEBUG c.z.h.p.HikariPool - HikariPool-1 - Fill pool skipped, pool has sufficient level or currently being filled.
2024-10-12 00:02:38 DEBUG c.z.h.p.HikariPool - HikariPool-1 - Pool stats (total=10, active=0, idle=10, waiting=0)
2024-10-12 00:02:38 DEBUG c.z.h.p.HikariPool - HikariPool-1 - Fill pool skipped, pool has sufficient level or currently being filled.
2024-10-12 00:02:58 DEBUG c.z.h.p.PoolBase - HikariPool-1 - Closing connection com.mysql.cj.jdbc.ConnectionImpl@3a74040f: (connection has passed maxLifetime)
2024-10-12 00:02:58 DEBUG c.z.h.p.HikariPool - HikariPool-1 - Added connection com.mysql.cj.jdbc.ConnectionImpl@1166999
2024-10-12 00:02:58 DEBUG c.z.h.p.HikariPool - HikariPool-1 - Connection not added, stats (total=10, active=0, idle=10, waiting=0)
2024-10-12 00:03:08 DEBUG c.z.h.p.PoolBase - HikariPool-1 - Closing connection com.mysql.cj.jdbc.ConnectionImpl@94f0a: (connection has passed maxLifetime)
2024-10-12 00:03:08 DEBUG c.z.h.p.HikariPool - HikariPool-1 - Added connection com.mysql.cj.jdbc.ConnectionImpl@585a7c2f
2024-10-12 00:03:08 DEBUG c.z.h.p.HikariPool - HikariPool-1 - Connection not added, stats (total=10, active=0, idle=10, waiting=0)
2024-10-12 00:03:08 DEBUG c.z.h.p.HikariPool - HikariPool-1 - Pool stats (total=10, active=0, idle=10, waiting=0)
2024-10-12 00:03:08 DEBUG c.z.h.p.HikariPool - HikariPool-1 - Fill pool skipped, pool has sufficient level or currently being filled.
2024-10-12 00:03:10 DEBUG c.z.h.p.PoolBase - HikariPool-1 - Closing connection com.mysql.cj.jdbc.ConnectionImpl@66ba193d: (connection has passed maxLifetime)
2024-10-12 00:03:10 DEBUG c.z.h.p.HikariPool - HikariPool-1 - Added connection com.mysql.cj.jdbc.ConnectionImpl@19677614
2024-10-12 00:03:10 DEBUG c.z.h.p.HikariPool - HikariPool-1 - Connection not added, stats (total=10, active=0, idle=10, waiting=0)
2024-10-12 00:03:11 DEBUG c.z.h.p.PoolBase - HikariPool-1 - Closing connection com.mysql.cj.jdbc.ConnectionImpl@58189a2: (connection has passed maxLifetime)
2024-10-12 00:03:11 DEBUG c.z.h.p.HikariPool - HikariPool-1 - Added connection com.mysql.cj.jdbc.ConnectionImpl@28b4ef17
2024-10-12 00:03:11 DEBUG c.z.h.p.HikariPool - HikariPool-1 - Connection not added, stats (total=10, active=0, idle=10, waiting=0)
2024-10-12 00:03:11 DEBUG c.z.h.p.PoolBase - HikariPool-1 - Closing connection com.mysql.cj.jdbc.ConnectionImpl@794cb26b: (connection has passed maxLifetime)
2024-10-12 00:03:11 DEBUG c.z.h.p.HikariPool - HikariPool-1 - Added connection com.mysql.cj.jdbc.ConnectionImpl@78ef949a
2024-10-12 00:03:11 DEBUG c.z.h.p.HikariPool - HikariPool-1 - Connection not added, stats (total=10, active=0, idle=10, waiting=0)
2024-10-12 00:03:22 DEBUG c.z.h.p.PoolBase - HikariPool-1 - Closing connection com.mysql.cj.jdbc.ConnectionImpl@3a043e0c: (connection has passed maxLifetime)
2024-10-12 00:03:22 DEBUG c.z.h.p.HikariPool - HikariPool-1 - Added connection com.mysql.cj.jdbc.ConnectionImpl@4cd6246f
2024-10-12 00:03:22 DEBUG c.z.h.p.HikariPool - HikariPool-1 - Connection not added, stats (total=10, active=0, idle=10, waiting=0)
2024-10-12 00:03:24 DEBUG c.z.h.p.PoolBase - HikariPool-1 - Closing connection com.mysql.cj.jdbc.ConnectionImpl@6ec2d443: (connection has passed maxLifetime)
2024-10-12 00:03:24 DEBUG c.z.h.p.HikariPool - HikariPool-1 - Added connection com.mysql.cj.jdbc.ConnectionImpl@deb2e54
2024-10-12 00:03:24 DEBUG c.z.h.p.HikariPool - HikariPool-1 - Connection not added, stats (total=10, active=0, idle=10, waiting=0)
2024-10-12 00:03:27 DEBUG c.z.h.p.PoolBase - HikariPool-1 - Closing connection com.mysql.cj.jdbc.ConnectionImpl@42e562de: (connection has passed maxLifetime)
2024-10-12 00:03:27 DEBUG c.z.h.p.HikariPool - HikariPool-1 - Added connection com.mysql.cj.jdbc.ConnectionImpl@3c2c2789
2024-10-12 00:03:27 DEBUG c.z.h.p.HikariPool - HikariPool-1 - Connection not added, stats (total=10, active=0, idle=10, waiting=0)
2024-10-12 00:03:28 DEBUG c.z.h.p.PoolBase - HikariPool-1 - Closing connection com.mysql.cj.jdbc.ConnectionImpl@36c4c3ca: (connection has passed maxLifetime)
2024-10-12 00:03:28 DEBUG c.z.h.p.HikariPool - HikariPool-1 - Added connection com.mysql.cj.jdbc.ConnectionImpl@6dc4d11b
2024-10-12 00:03:28 DEBUG c.z.h.p.HikariPool - HikariPool-1 - Connection not added, stats (total=10, active=0, idle=10, waiting=0)
2024-10-12 00:03:31 DEBUG c.z.h.p.PoolBase - HikariPool-1 - Closing connection com.mysql.cj.jdbc.ConnectionImpl@3f9b4b05: (connection has passed maxLifetime)
2024-10-12 00:03:31 DEBUG c.z.h.p.HikariPool - HikariPool-1 - Added connection com.mysql.cj.jdbc.ConnectionImpl@557cc43b
2024-10-12 00:03:31 DEBUG c.z.h.p.HikariPool - HikariPool-1 - Connection not added, stats (total=10, active=0, idle=10, waiting=0)
2024-10-12 00:03:38 DEBUG c.z.h.p.HikariPool - HikariPool-1 - Pool stats (total=10, active=0, idle=10, waiting=0)
2024-10-12 00:03:38 DEBUG c.z.h.p.HikariPool - HikariPool-1 - Fill pool skipped, pool has sufficient level or currently being filled.
2024-10-12 00:04:08 DEBUG c.z.h.p.HikariPool - HikariPool-1 - Pool stats (total=10, active=0, idle=10, waiting=0)
2024-10-12 00:04:08 DEBUG c.z.h.p.HikariPool - HikariPool-1 - Fill pool skipped, pool has sufficient level or currently being filled.
2024-10-12 00:04:38 DEBUG c.z.h.p.HikariPool - HikariPool-1 - Pool stats (total=10, active=0, idle=10, waiting=0)
2024-10-12 00:04:38 DEBUG c.z.h.p.HikariPool - HikariPool-1 - Fill pool skipped, pool has sufficient level or currently being filled.
2024-10-12 00:05:08 DEBUG c.z.h.p.HikariPool - HikariPool-1 - Pool stats (total=10, active=0, idle=10, waiting=0)
2024-10-12 00:05:08 DEBUG c.z.h.p.HikariPool - HikariPool-1 - Fill pool skipped, pool has sufficient level or currently being filled.
2024-10-12 00:05:38 DEBUG c.z.h.p.HikariPool - HikariPool-1 - Pool stats (total=10, active=0, idle=10, waiting=0)
2024-10-12 00:05:38 DEBUG c.z.h.p.HikariPool - HikariPool-1 - Fill pool skipped, pool has sufficient level or currently being filled.
2024-10-12 00:06:08 DEBUG c.z.h.p.HikariPool - HikariPool-1 - Pool stats (total=10, active=0, idle=10, waiting=0)
2024-10-12 00:06:08 DEBUG c.z.h.p.HikariPool - HikariPool-1 - Fill pool skipped, pool has sufficient level or currently being filled.
2024-10-12 00:06:38 DEBUG c.z.h.p.HikariPool - HikariPool-1 - Pool stats (total=10, active=0, idle=10, waiting=0)
2024-10-12 00:06:38 DEBUG c.z.h.p.HikariPool - HikariPool-1 - Fill pool skipped, pool has sufficient level or currently being filled.
2024-10-12 00:07:08 DEBUG c.z.h.p.HikariPool - HikariPool-1 - Pool stats (total=10, active=0, idle=10, waiting=0)
2024-10-12 00:07:08 DEBUG c.z.h.p.HikariPool - HikariPool-1 - Fill pool skipped, pool has sufficient level or currently being filled.
2024-10-12 00:07:38 DEBUG c.z.h.p.HikariPool - HikariPool-1 - Pool stats (total=10, active=0, idle=10, waiting=0)
2024-10-12 00:07:38 DEBUG c.z.h.p.HikariPool - HikariPool-1 - Fill pool skipped, pool has sufficient level or currently being filled.
2024-10-12 00:08:08 DEBUG c.z.h.p.HikariPool - HikariPool-1 - Pool stats (total=10, active=0, idle=10, waiting=0)
2024-10-12 00:08:08 DEBUG c.z.h.p.HikariPool - HikariPool-1 - Fill pool skipped, pool has sufficient level or currently being filled.
2024-10-12 00:08:38 DEBUG c.z.h.p.HikariPool - HikariPool-1 - Pool stats (total=10, active=0, idle=10, waiting=0)
2024-10-12 00:08:38 DEBUG c.z.h.p.HikariPool - HikariPool-1 - Fill pool skipped, pool has sufficient level or currently being filled.
2024-10-12 00:09:08 DEBUG c.z.h.p.HikariPool - HikariPool-1 - Pool stats (total=10, active=0, idle=10, waiting=0)
2024-10-12 00:09:08 DEBUG c.z.h.p.HikariPool - HikariPool-1 - Fill pool skipped, pool has sufficient level or currently being filled.
2024-10-12 00:09:38 DEBUG c.z.h.p.HikariPool - HikariPool-1 - Pool stats (total=10, active=0, idle=10, waiting=0)
2024-10-12 00:09:38 DEBUG c.z.h.p.HikariPool - HikariPool-1 - Fill pool skipped, pool has sufficient level or currently being filled.
2024-10-12 00:10:08 DEBUG c.z.h.p.HikariPool - HikariPool-1 - Pool stats (total=10, active=0, idle=10, waiting=0)
2024-10-12 00:10:08 DEBUG c.z.h.p.HikariPool - HikariPool-1 - Fill pool skipped, pool has sufficient level or currently being filled.
2024-10-12 00:10:38 DEBUG c.z.h.p.HikariPool - HikariPool-1 - Pool stats (total=10, active=0, idle=10, waiting=0)
2024-10-12 00:10:38 DEBUG c.z.h.p.HikariPool - HikariPool-1 - Fill pool skipped, pool has sufficient level or currently being filled.
2024-10-12 00:11:08 DEBUG c.z.h.p.HikariPool - HikariPool-1 - Pool stats (total=10, active=0, idle=10, waiting=0)
2024-10-12 00:11:08 DEBUG c.z.h.p.HikariPool - HikariPool-1 - Fill pool skipped, pool has sufficient level or currently being filled.
2024-10-12 00:11:38 DEBUG c.z.h.p.HikariPool - HikariPool-1 - Pool stats (total=10, active=0, idle=10, waiting=0)
2024-10-12 00:11:38 DEBUG c.z.h.p.HikariPool - HikariPool-1 - Fill pool skipped, pool has sufficient level or currently being filled.
2024-10-12 00:12:08 DEBUG c.z.h.p.HikariPool - HikariPool-1 - Pool stats (total=10, active=0, idle=10, waiting=0)
2024-10-12 00:12:08 DEBUG c.z.h.p.HikariPool - HikariPool-1 - Fill pool skipped, pool has sufficient level or currently being filled.
2024-10-12 00:12:38 DEBUG c.z.h.p.HikariPool - HikariPool-1 - Pool stats (total=10, active=0, idle=10, waiting=0)
2024-10-12 00:12:38 DEBUG c.z.h.p.HikariPool - HikariPool-1 - Fill pool skipped, pool has sufficient level or currently being filled.
2024-10-12 00:13:08 DEBUG c.z.h.p.HikariPool - HikariPool-1 - Pool stats (total=10, active=0, idle=10, waiting=0)
2024-10-12 00:13:08 DEBUG c.z.h.p.HikariPool - HikariPool-1 - Fill pool skipped, pool has sufficient level or currently being filled.
2024-10-12 00:13:38 DEBUG c.z.h.p.HikariPool - HikariPool-1 - Pool stats (total=10, active=0, idle=10, waiting=0)
2024-10-12 00:13:38 DEBUG c.z.h.p.HikariPool - HikariPool-1 - Fill pool skipped, pool has sufficient level or currently being filled.
2024-10-12 00:14:08 DEBUG c.z.h.p.HikariPool - HikariPool-1 - Pool stats (total=10, active=0, idle=10, waiting=0)
2024-10-12 00:14:08 DEBUG c.z.h.p.HikariPool - HikariPool-1 - Fill pool skipped, pool has sufficient level or currently being filled.
2024-10-12 00:14:38 DEBUG c.z.h.p.HikariPool - HikariPool-1 - Pool stats (total=10, active=0, idle=10, waiting=0)
2024-10-12 00:14:38 DEBUG c.z.h.p.HikariPool - HikariPool-1 - Fill pool skipped, pool has sufficient level or currently being filled.
2024-10-12 00:15:08 DEBUG c.z.h.p.HikariPool - HikariPool-1 - Pool stats (total=10, active=0, idle=10, waiting=0)
2024-10-12 00:15:08 DEBUG c.z.h.p.HikariPool - HikariPool-1 - Fill pool skipped, pool has sufficient level or currently being filled.
2024-10-12 00:15:38 DEBUG c.z.h.p.HikariPool - HikariPool-1 - Pool stats (total=10, active=0, idle=10, waiting=0)
2024-10-12 00:15:38 DEBUG c.z.h.p.HikariPool - HikariPool-1 - Fill pool skipped, pool has sufficient level or currently being filled.
2024-10-12 00:16:09 DEBUG c.z.h.p.HikariPool - HikariPool-1 - Pool stats (total=10, active=0, idle=10, waiting=0)
2024-10-12 00:16:09 DEBUG c.z.h.p.HikariPool - HikariPool-1 - Fill pool skipped, pool has sufficient level or currently being filled.
2024-10-12 00:16:39 DEBUG c.z.h.p.HikariPool - HikariPool-1 - Pool stats (total=10, active=0, idle=10, waiting=0)
2024-10-12 00:16:39 DEBUG c.z.h.p.HikariPool - HikariPool-1 - Fill pool skipped, pool has sufficient level or currently being filled.
2024-10-12 00:17:09 DEBUG c.z.h.p.HikariPool - HikariPool-1 - Pool stats (total=10, active=0, idle=10, waiting=0)
2024-10-12 00:17:09 DEBUG c.z.h.p.HikariPool - HikariPool-1 - Fill pool skipped, pool has sufficient level or currently being filled.
2024-10-12 00:17:39 DEBUG c.z.h.p.HikariPool - HikariPool-1 - Pool stats (total=10, active=0, idle=10, waiting=0)
2024-10-12 00:17:39 DEBUG c.z.h.p.HikariPool - HikariPool-1 - Fill pool skipped, pool has sufficient level or currently being filled.
2024-10-12 00:18:09 DEBUG c.z.h.p.HikariPool - HikariPool-1 - Pool stats (total=10, active=0, idle=10, waiting=0)
2024-10-12 00:18:09 DEBUG c.z.h.p.HikariPool - HikariPool-1 - Fill pool skipped, pool has sufficient level or currently being filled.
2024-10-12 00:18:39 DEBUG c.z.h.p.HikariPool - HikariPool-1 - Pool stats (total=10, active=0, idle=10, waiting=0)
2024-10-12 00:18:39 DEBUG c.z.h.p.HikariPool - HikariPool-1 - Fill pool skipped, pool has sufficient level or currently being filled.
2024-10-12 00:19:09 DEBUG c.z.h.p.HikariPool - HikariPool-1 - Pool stats (total=10, active=0, idle=10, waiting=0)
2024-10-12 00:19:09 DEBUG c.z.h.p.HikariPool - HikariPool-1 - Fill pool skipped, pool has sufficient level or currently being filled.
2024-10-12 00:19:39 DEBUG c.z.h.p.HikariPool - HikariPool-1 - Pool stats (total=10, active=0, idle=10, waiting=0)
2024-10-12 00:19:39 DEBUG c.z.h.p.HikariPool - HikariPool-1 - Fill pool skipped, pool has sufficient level or currently being filled.
2024-10-12 00:20:09 DEBUG c.z.h.p.HikariPool - HikariPool-1 - Pool stats (total=10, active=0, idle=10, waiting=0)
2024-10-12 00:20:09 DEBUG c.z.h.p.HikariPool - HikariPool-1 - Fill pool skipped, pool has sufficient level or currently being filled.
2024-10-12 00:20:39 DEBUG c.z.h.p.HikariPool - HikariPool-1 - Pool stats (total=10, active=0, idle=10, waiting=0)
2024-10-12 00:20:39 DEBUG c.z.h.p.HikariPool - HikariPool-1 - Fill pool skipped, pool has sufficient level or currently being filled.
2024-10-12 00:21:09 DEBUG c.z.h.p.HikariPool - HikariPool-1 - Pool stats (total=10, active=0, idle=10, waiting=0)
2024-10-12 00:21:09 DEBUG c.z.h.p.HikariPool - HikariPool-1 - Fill pool skipped, pool has sufficient level or currently being filled.
2024-10-12 00:21:39 DEBUG c.z.h.p.HikariPool - HikariPool-1 - Pool stats (total=10, active=0, idle=10, waiting=0)
2024-10-12 00:21:39 DEBUG c.z.h.p.HikariPool - HikariPool-1 - Fill pool skipped, pool has sufficient level or currently being filled.
2024-10-12 00:22:09 DEBUG c.z.h.p.HikariPool - HikariPool-1 - Pool stats (total=10, active=0, idle=10, waiting=0)
2024-10-12 00:22:09 DEBUG c.z.h.p.HikariPool - HikariPool-1 - Fill pool skipped, pool has sufficient level or currently being filled.
2024-10-12 00:22:39 DEBUG c.z.h.p.HikariPool - HikariPool-1 - Pool stats (total=10, active=0, idle=10, waiting=0)
2024-10-12 00:22:39 DEBUG c.z.h.p.HikariPool - HikariPool-1 - Fill pool skipped, pool has sufficient level or currently being filled.
2024-10-12 00:23:09 DEBUG c.z.h.p.HikariPool - HikariPool-1 - Pool stats (total=10, active=0, idle=10, waiting=0)
2024-10-12 00:23:09 DEBUG c.z.h.p.HikariPool - HikariPool-1 - Fill pool skipped, pool has sufficient level or currently being filled.
2024-10-12 00:23:39 DEBUG c.z.h.p.HikariPool - HikariPool-1 - Pool stats (total=10, active=0, idle=10, waiting=0)
2024-10-12 00:23:39 DEBUG c.z.h.p.HikariPool - HikariPool-1 - Fill pool skipped, pool has sufficient level or currently being filled.
2024-10-12 00:24:09 DEBUG c.z.h.p.HikariPool - HikariPool-1 - Pool stats (total=10, active=0, idle=10, waiting=0)
2024-10-12 00:24:09 DEBUG c.z.h.p.HikariPool - HikariPool-1 - Fill pool skipped, pool has sufficient level or currently being filled.
2024-10-12 00:24:39 DEBUG c.z.h.p.HikariPool - HikariPool-1 - Pool stats (total=10, active=0, idle=10, waiting=0)
2024-10-12 00:24:39 DEBUG c.z.h.p.HikariPool - HikariPool-1 - Fill pool skipped, pool has sufficient level or currently being filled.
2024-10-12 00:25:09 DEBUG c.z.h.p.HikariPool - HikariPool-1 - Pool stats (total=10, active=0, idle=10, waiting=0)
2024-10-12 00:25:09 DEBUG c.z.h.p.HikariPool - HikariPool-1 - Fill pool skipped, pool has sufficient level or currently being filled.
2024-10-12 00:25:39 DEBUG c.z.h.p.HikariPool - HikariPool-1 - Pool stats (total=10, active=0, idle=10, waiting=0)
2024-10-12 00:25:39 DEBUG c.z.h.p.HikariPool - HikariPool-1 - Fill pool skipped, pool has sufficient level or currently being filled.
2024-10-12 00:26:09 DEBUG c.z.h.p.HikariPool - HikariPool-1 - Pool stats (total=10, active=0, idle=10, waiting=0)
2024-10-12 00:26:09 DEBUG c.z.h.p.HikariPool - HikariPool-1 - Fill pool skipped, pool has sufficient level or currently being filled.
2024-10-12 00:26:39 DEBUG c.z.h.p.HikariPool - HikariPool-1 - Pool stats (total=10, active=0, idle=10, waiting=0)
2024-10-12 00:26:39 DEBUG c.z.h.p.HikariPool - HikariPool-1 - Fill pool skipped, pool has sufficient level or currently being filled.
2024-10-12 00:27:09 DEBUG c.z.h.p.HikariPool - HikariPool-1 - Pool stats (total=10, active=0, idle=10, waiting=0)
2024-10-12 00:27:09 DEBUG c.z.h.p.HikariPool - HikariPool-1 - Fill pool skipped, pool has sufficient level or currently being filled.
2024-10-12 00:27:39 DEBUG c.z.h.p.HikariPool - HikariPool-1 - Pool stats (total=10, active=0, idle=10, waiting=0)
2024-10-12 00:27:39 DEBUG c.z.h.p.HikariPool - HikariPool-1 - Fill pool skipped, pool has sufficient level or currently being filled.
2024-10-12 00:28:09 DEBUG c.z.h.p.HikariPool - HikariPool-1 - Pool stats (total=10, active=0, idle=10, waiting=0)
2024-10-12 00:28:09 DEBUG c.z.h.p.HikariPool - HikariPool-1 - Fill pool skipped, pool has sufficient level or currently being filled.
2024-10-12 00:28:39 DEBUG c.z.h.p.HikariPool - HikariPool-1 - Pool stats (total=10, active=0, idle=10, waiting=0)
2024-10-12 00:28:39 DEBUG c.z.h.p.HikariPool - HikariPool-1 - Fill pool skipped, pool has sufficient level or currently being filled.
2024-10-12 00:29:09 DEBUG c.z.h.p.HikariPool - HikariPool-1 - Pool stats (total=10, active=0, idle=10, waiting=0)
2024-10-12 00:29:09 DEBUG c.z.h.p.HikariPool - HikariPool-1 - Fill pool skipped, pool has sufficient level or currently being filled.
2024-10-12 00:29:39 DEBUG c.z.h.p.HikariPool - HikariPool-1 - Pool stats (total=10, active=0, idle=10, waiting=0)
2024-10-12 00:29:39 DEBUG c.z.h.p.HikariPool - HikariPool-1 - Fill pool skipped, pool has sufficient level or currently being filled.
2024-10-12 00:30:09 DEBUG c.z.h.p.HikariPool - HikariPool-1 - Pool stats (total=10, active=0, idle=10, waiting=0)
2024-10-12 00:30:09 DEBUG c.z.h.p.HikariPool - HikariPool-1 - Fill pool skipped, pool has sufficient level or currently being filled.
2024-10-12 00:30:39 DEBUG c.z.h.p.HikariPool - HikariPool-1 - Pool stats (total=10, active=0, idle=10, waiting=0)
2024-10-12 00:30:39 DEBUG c.z.h.p.HikariPool - HikariPool-1 - Fill pool skipped, pool has sufficient level or currently being filled.
2024-10-12 00:31:09 DEBUG c.z.h.p.HikariPool - HikariPool-1 - Pool stats (total=10, active=0, idle=10, waiting=0)
2024-10-12 00:31:09 DEBUG c.z.h.p.HikariPool - HikariPool-1 - Fill pool skipped, pool has sufficient level or currently being filled.
2024-10-12 00:31:16 DEBUG o.s.b.a.ApplicationAvailabilityBean - Application availability state ReadinessState changed from ACCEPTING_TRAFFIC to REFUSING_TRAFFIC
2024-10-12 00:31:16 DEBUG o.s.b.w.s.c.AnnotationConfigServletWebServerApplicationContext - Closing org.springframework.boot.web.servlet.context.AnnotationConfigServletWebServerApplicationContext@19ae6bb, started on Fri Oct 11 23:33:34 IST 2024
2024-10-12 00:31:16 DEBUG o.s.c.s.DefaultLifecycleProcessor - Stopping beans in phase 2147483647
2024-10-12 00:31:16 DEBUG o.s.c.s.DefaultLifecycleProcessor - Bean 'applicationTaskExecutor' completed its stop procedure
2024-10-12 00:31:16 DEBUG o.s.c.s.DefaultLifecycleProcessor - Stopping beans in phase 2147482623
2024-10-12 00:31:16 DEBUG o.s.c.s.DefaultLifecycleProcessor - Bean 'webServerGracefulShutdown' completed its stop procedure
2024-10-12 00:31:16 DEBUG o.s.c.s.DefaultLifecycleProcessor - Stopping beans in phase 2147481599
2024-10-12 00:31:16 DEBUG o.s.c.s.DefaultLifecycleProcessor - Bean 'webServerStartStop' completed its stop procedure
2024-10-12 00:31:16 DEBUG o.s.c.s.DefaultLifecycleProcessor - Stopping beans in phase -2147483647
2024-10-12 00:31:16 DEBUG o.s.c.s.DefaultLifecycleProcessor - Bean 'springBootLoggingLifecycle' completed its stop procedure
2024-10-12 00:31:16 DEBUG o.s.s.c.ThreadPoolTaskExecutor - Shutting down ExecutorService 'applicationTaskExecutor'
2024-10-12 00:31:16 INFO  o.s.o.j.LocalContainerEntityManagerFactoryBean - Closing JPA EntityManagerFactory for persistence unit 'default'
2024-10-12 00:31:16 DEBUG o.h.i.SessionFactoryImpl - HHH000031: Closing
2024-10-12 00:31:16 DEBUG o.h.t.s.TypeConfiguration$Scope - Un-scoping TypeConfiguration [org.hibernate.type.spi.TypeConfiguration$Scope@6caa30b5] from SessionFactory [org.hibernate.internal.SessionFactoryImpl@5c7876e1]
2024-10-12 00:31:16 DEBUG o.h.s.i.AbstractServiceRegistryImpl - Implicitly destroying ServiceRegistry on de-registration of all child ServiceRegistries
2024-10-12 00:31:16 DEBUG o.h.b.r.i.BootstrapServiceRegistryImpl - Implicitly destroying Boot-strap registry on de-registration of all child ServiceRegistries
2024-10-12 00:31:16 INFO  c.z.h.HikariDataSource - HikariPool-1 - Shutdown initiated...
2024-10-12 00:31:16 DEBUG c.z.h.p.HikariPool - HikariPool-1 - Before shutdown stats (total=10, active=0, idle=10, waiting=0)
2024-10-12 00:31:16 DEBUG c.z.h.p.PoolBase - HikariPool-1 - Closing connection com.mysql.cj.jdbc.ConnectionImpl@1166999: (connection evicted)
2024-10-12 00:31:16 DEBUG c.z.h.p.PoolBase - HikariPool-1 - Closing connection com.mysql.cj.jdbc.ConnectionImpl@585a7c2f: (connection evicted)
2024-10-12 00:31:16 DEBUG c.z.h.p.PoolBase - HikariPool-1 - Closing connection com.mysql.cj.jdbc.ConnectionImpl@19677614: (connection evicted)
2024-10-12 00:31:16 DEBUG c.z.h.p.PoolBase - HikariPool-1 - Closing connection com.mysql.cj.jdbc.ConnectionImpl@28b4ef17: (connection evicted)
2024-10-12 00:31:16 DEBUG c.z.h.p.PoolBase - HikariPool-1 - Closing connection com.mysql.cj.jdbc.ConnectionImpl@78ef949a: (connection evicted)
2024-10-12 00:31:16 DEBUG c.z.h.p.PoolBase - HikariPool-1 - Closing connection com.mysql.cj.jdbc.ConnectionImpl@4cd6246f: (connection evicted)
2024-10-12 00:31:16 DEBUG c.z.h.p.PoolBase - HikariPool-1 - Closing connection com.mysql.cj.jdbc.ConnectionImpl@deb2e54: (connection evicted)
2024-10-12 00:31:16 DEBUG c.z.h.p.PoolBase - HikariPool-1 - Closing connection com.mysql.cj.jdbc.ConnectionImpl@3c2c2789: (connection evicted)
2024-10-12 00:31:16 DEBUG c.z.h.p.PoolBase - HikariPool-1 - Closing connection com.mysql.cj.jdbc.ConnectionImpl@6dc4d11b: (connection evicted)
2024-10-12 00:31:16 DEBUG c.z.h.p.PoolBase - HikariPool-1 - Closing connection com.mysql.cj.jdbc.ConnectionImpl@557cc43b: (connection evicted)
2024-10-12 00:31:16 DEBUG c.z.h.p.HikariPool - HikariPool-1 - After shutdown stats (total=0, active=0, idle=0, waiting=0)
2024-10-12 00:31:16 INFO  c.z.h.HikariDataSource - HikariPool-1 - Shutdown completed.
